        -:    0:Source:src/testa_soma_string_stdin.cpp
        -:    0:Graph:testa_soma_string_stdin.gcno
        -:    0:Data:testa_soma_string_stdin.gcda
        -:    0:Runs:1
        -:    0:Programs:1
        -:    1:/*! 
        -:    2: *  \brief     Trabalho 1 - MP
        -:    3: *  \details   Métodos de Programação - 201600
        -:    4: *  \author    Welton de Almeida Braga - 16/0148880
        -:    5: *  \date      20-09-2017
        -:    6: */
        -:    7:/// includes 
        -:    8:#include "string_soma.hpp"
        -:    9://#define DEBUG
        -:   10:#if DEBUG
        -:   11:	#define DEBUG_PRINT(x) do{cout << x << endl;}while(0)
        -:   12:#else
        -:   13:	#define DEBUG_PRINT(x) 
        -:   14:#endif
        -:   15:
        1:   16:int main(int argc, char *argv[]){
        -:   17:
        1:   18:	if ( argc < 3 ){
    #####:   19:		cout << "Uso correto: " << argv[0] << " entrada.txt saida.txt" << endl; 
        -:   20:	} else {
        2:   21:		const string arqEntrada = argv[1];
        2:   22:		const string arqSaida = argv[2];
        -:   23:		
        1:   24:		RUN (arqEntrada, arqSaida);
        -:   25:	}
        1:   26:	return 0;
        3:   27:}
        -:   28:
        -:   29:#ifdef DEBUG
        -:   30:#undef DEBUG
        -:   31:#endif // DEBUG
